<?xml version="1.0" encoding="UTF-8"?>
<!-- Generated by org.testng.reporters.JUnitXMLReporter -->
<testsuite ignored="0" hostname="DESKTOP-VHNDH9Q" failures="0" tests="4" name="Default test" time="4.644" errors="0" timestamp="2024-01-28T11:57:30 CST">
  <testcase classname="api.test.UserTests" name="testPostUser" time="2.971"/>
  <testcase classname="api.test.UserTests" name="testGetUserByName" time="0.488"/>
  <testcase classname="api.test.UserTests" name="testPutUser" time="0.476"/>
  <testcase classname="api.test.UserTests" name="testDeleteUser" time="0.455"/>
</testsuite> <!-- Default test -->
