<?xml version="1.0" encoding="UTF-8"?>
<testng-results ignored="0" total="3" passed="3" failed="0" skipped="0">
  <reporter-output>
  </reporter-output>
  <suite started-at="2024-01-28T23:50:49 CST" name="Default suite" finished-at="2024-01-28T23:50:52 CST" duration-ms="3537">
    <groups>
    </groups>
    <test started-at="2024-01-28T23:50:49 CST" name="Default test" finished-at="2024-01-28T23:50:52 CST" duration-ms="3537">
      <class name="api.test.DDTests">
        <test-method signature="testDeleteOrderByID(java.lang.Object)[pri:1, instance:api.test.DDTests@1033576a]" started-at="2024-01-28T23:50:50 CST" name="testDeleteOrderByID" data-provider="userID" finished-at="2024-01-28T23:50:52 CST" duration-ms="1652" status="PASS">
          <params>
            <param index="0">
              <value>
                <![CDATA[1010]]>
              </value>
            </param>
          </params>
          <reporter-output>
          </reporter-output>
        </test-method> <!-- testDeleteOrderByID -->
        <test-method signature="testDeleteOrderByID(java.lang.Object)[pri:1, instance:api.test.DDTests@1033576a]" started-at="2024-01-28T23:50:52 CST" name="testDeleteOrderByID" data-provider="userID" finished-at="2024-01-28T23:50:52 CST" duration-ms="421" status="PASS">
          <params>
            <param index="0">
              <value>
                <![CDATA[1011]]>
              </value>
            </param>
          </params>
          <reporter-output>
          </reporter-output>
        </test-method> <!-- testDeleteOrderByID -->
        <test-method signature="testDeleteOrderByID(java.lang.Object)[pri:1, instance:api.test.DDTests@1033576a]" started-at="2024-01-28T23:50:52 CST" name="testDeleteOrderByID" data-provider="userID" finished-at="2024-01-28T23:50:52 CST" duration-ms="462" status="PASS">
          <params>
            <param index="0">
              <value>
                <![CDATA[1012]]>
              </value>
            </param>
          </params>
          <reporter-output>
          </reporter-output>
        </test-method> <!-- testDeleteOrderByID -->
      </class> <!-- api.test.DDTests -->
    </test> <!-- Default test -->
  </suite> <!-- Default suite -->
</testng-results>
