<?xml version="1.0" encoding="UTF-8"?>
<testng-results ignored="0" total="4" passed="4" failed="0" skipped="0">
  <reporter-output>
  </reporter-output>
  <suite started-at="2024-01-28T11:57:25 CST" name="Default suite" finished-at="2024-01-28T11:57:30 CST" duration-ms="4644">
    <groups>
    </groups>
    <test started-at="2024-01-28T11:57:25 CST" name="Default test" finished-at="2024-01-28T11:57:30 CST" duration-ms="4644">
      <class name="api.test.UserTests">
        <test-method is-config="true" signature="setUpData()[pri:0, instance:api.test.UserTests@798162bc]" started-at="2024-01-28T11:57:25 CST" name="setUpData" finished-at="2024-01-28T11:57:25 CST" duration-ms="196" status="PASS">
          <reporter-output>
          </reporter-output>
        </test-method> <!-- setUpData -->
        <test-method signature="testPostUser()[pri:1, instance:api.test.UserTests@798162bc]" started-at="2024-01-28T11:57:25 CST" name="testPostUser" finished-at="2024-01-28T11:57:28 CST" duration-ms="2971" status="PASS">
          <reporter-output>
          </reporter-output>
        </test-method> <!-- testPostUser -->
        <test-method signature="testGetUserByName()[pri:2, instance:api.test.UserTests@798162bc]" started-at="2024-01-28T11:57:28 CST" name="testGetUserByName" finished-at="2024-01-28T11:57:29 CST" duration-ms="488" status="PASS">
          <reporter-output>
          </reporter-output>
        </test-method> <!-- testGetUserByName -->
        <test-method signature="testPutUser()[pri:3, instance:api.test.UserTests@798162bc]" started-at="2024-01-28T11:57:29 CST" name="testPutUser" finished-at="2024-01-28T11:57:29 CST" duration-ms="476" status="PASS">
          <reporter-output>
          </reporter-output>
        </test-method> <!-- testPutUser -->
        <test-method signature="testDeleteUser()[pri:4, instance:api.test.UserTests@798162bc]" started-at="2024-01-28T11:57:29 CST" name="testDeleteUser" finished-at="2024-01-28T11:57:30 CST" duration-ms="455" status="PASS">
          <reporter-output>
          </reporter-output>
        </test-method> <!-- testDeleteUser -->
      </class> <!-- api.test.UserTests -->
    </test> <!-- Default test -->
  </suite> <!-- Default suite -->
</testng-results>
