<?xml version="1.0" encoding="UTF-8"?>
<!-- Generated by org.testng.reporters.JUnitXMLReporter -->
<testsuite ignored="0" hostname="DESKTOP-VHNDH9Q" failures="0" tests="3" name="Default test" time="3.537" errors="0" timestamp="2024-01-28T23:50:52 CST">
  <testcase classname="api.test.DDTests" name="testDeleteOrderByID" time="1.652"/>
  <testcase classname="api.test.DDTests" name="testDeleteOrderByID" time="0.421"/>
  <testcase classname="api.test.DDTests" name="testDeleteOrderByID" time="0.462"/>
</testsuite> <!-- Default test -->
